<?xml version="1.0" encoding="UTF-8"?>
<!-- Generated by org.testng.reporters.JUnitReportReporter -->
<testsuite hostname="LTIN261532" failures="0" tests="1" name="testCase.TC_004_CorporateHealthAndWellness_ValidDetails" time="80.817" errors="0" timestamp="2024-02-15T15:51:31 IST" skipped="0">
  <testcase classname="testCase.TC_004_CorporateHealthAndWellness_ValidDetails" name="checkingValidDetails" time="80.817"/>
</testsuite> <!-- testCase.TC_004_CorporateHealthAndWellness_ValidDetails -->
