<?xml version="1.0" encoding="UTF-8"?>
<!-- Generated by org.testng.reporters.JUnitReportReporter -->
<testsuite hostname="LTIN261532" failures="0" tests="7" name="testCase.TC_002_CaptureSurgeries" time="41.499" errors="0" timestamp="2024-02-15T15:51:31 IST" skipped="0">
  <testcase classname="testCase.TC_002_CaptureSurgeries" name="CapturePopularSurgeries" time="15.773"/>
  <testcase classname="testCase.TC_002_CaptureSurgeries" name="GeneralSurgeries" time="4.458"/>
  <testcase classname="testCase.TC_002_CaptureSurgeries" name="ProctologySurgeries" time="2.970"/>
  <testcase classname="testCase.TC_002_CaptureSurgeries" name="OphthamologySurgeries" time="3.117"/>
  <testcase classname="testCase.TC_002_CaptureSurgeries" name="UrologySurgeries" time="7.006"/>
  <testcase classname="testCase.TC_002_CaptureSurgeries" name="CosmeticSurgeries" time="3.714"/>
  <testcase classname="testCase.TC_002_CaptureSurgeries" name="OrthopedicsSurgeries" time="4.461"/>
</testsuite> <!-- testCase.TC_002_CaptureSurgeries -->
