<?xml version="1.0" encoding="UTF-8"?>
<!-- Generated by org.testng.reporters.JUnitReportReporter -->
<testsuite hostname="LTIN192431" failures="0" tests="7" name="testCase.TC_002_CaptureSurgeries" time="31.307" errors="0" timestamp="2024-02-07T22:24:44 IST" skipped="0">
  <testcase classname="testCase.TC_002_CaptureSurgeries" name="CapturePopularSurgeries" time="8.998"/>
  <testcase classname="testCase.TC_002_CaptureSurgeries" name="GeneralSurgeries" time="4.191"/>
  <testcase classname="testCase.TC_002_CaptureSurgeries" name="OphthamologySurgeries" time="2.700"/>
  <testcase classname="testCase.TC_002_CaptureSurgeries" name="ProctologySurgeries" time="3.472"/>
  <testcase classname="testCase.TC_002_CaptureSurgeries" name="UrologySurgeries" time="4.010"/>
  <testcase classname="testCase.TC_002_CaptureSurgeries" name="CosmeticSurgeries" time="2.794"/>
  <testcase classname="testCase.TC_002_CaptureSurgeries" name="OrthopedicsSurgeries" time="5.142"/>
</testsuite> <!-- testCase.TC_002_CaptureSurgeries -->
