<?xml version="1.0" encoding="UTF-8"?>
<!-- Generated by org.testng.reporters.JUnitReportReporter -->
<testsuite hostname="LTIN192431" failures="0" tests="2" name="testCase.TC_001_SearchingCardiologiests" time="26.300" errors="0" timestamp="2024-02-07T22:24:43 IST" skipped="0">
  <testcase classname="testCase.TC_001_SearchingCardiologiests" name="SearchingCardiologiests" time="5.716"/>
  <testcase classname="testCase.TC_001_SearchingCardiologiests" name="gettingCardiologiests" time="20.584"/>
</testsuite> <!-- testCase.TC_001_SearchingCardiologiests -->
